<?xml version="1.0" encoding="UTF-8" ?>
<testsuites errors="0"
            failures="1"
            tests="1">

  <testsuite name="testmain"
    errors="0" failures="1" hostname="" id="" package="testmain" skipped="0"
    tests="1" time="18.16" timestamp="">
  
    <testcase name="Test Title Page" classname="testmain" time="18.16" assertions="7">

    

    

    

    

    

      <failure message="Testing if element &lt;#projects&gt; contains text: &#34;hi&#34; in 1000 ms. - expected [0;32m&#34;hi&#34;[0m but got: [0;31m&#34;Hi&#34;[0m">    at Object.Test Title Page (/Users/Thrill/Desktop/Hackeye.io/tests/testmain.js:15:15)
    at &lt;anonymous&gt;
    at process._tickCallback (internal/process/next_tick.js:189:7)</failure>

    <failure message="    at Object.Test Title Page (/Users/Thrill/Desktop/Hackeye.io/tests/testmain.js:15:15)">    at &lt;anonymous&gt;
    at process._tickCallback (internal/process/next_tick.js:189:7)</failure>
    </testcase>
  

  

  
  </testsuite>
</testsuites>
